  Training baseline on joint group: pip
  train: 2469 patients,   9632 images  | KL0=6863  KL1=1545  KL2=1152  KL3=41  KL4=31
  val:  529 patients,   2067 images  | KL0=1459  KL1=335  KL2=259  KL3=9  KL4=5
  test:  530 patients,   2073 images  | KL0=1454  KL1=337  KL2=254  KL3=19  KL4=9

============================================================
Baseline ResNet-18 — pip — no augmentation
============================================================

  Run 1/3
    [baseline_pip] run=1 ep=1/50  loss=1.6280  val_acc=0.2893  KL3=0.3333  KL4=0.2000  (12s)
    [baseline_pip] run=1 ep=2/50  loss=1.2206  val_acc=0.5114  KL3=0.5556  KL4=0.0000  (9s)
    [baseline_pip] run=1 ep=3/50  loss=1.1490  val_acc=0.4054  KL3=0.0000  KL4=0.8000  (9s)
    [baseline_pip] run=1 ep=4/50  loss=0.9840  val_acc=0.5249  KL3=0.1111  KL4=1.0000  (9s)
    [baseline_pip] run=1 ep=5/50  loss=0.9090  val_acc=0.6043  KL3=0.5556  KL4=0.4000  (9s)
    [baseline_pip] run=1 ep=6/50  loss=0.8739  val_acc=0.6860  KL3=0.2222  KL4=0.8000  (9s)
    [baseline_pip] run=1 ep=7/50  loss=0.7469  val_acc=0.6792  KL3=0.2222  KL4=0.4000  (9s)
    [baseline_pip] run=1 ep=8/50  loss=0.6595  val_acc=0.6125  KL3=0.4444  KL4=0.6000  (9s)
    [baseline_pip] run=1 ep=9/50  loss=0.6502  val_acc=0.7286  KL3=0.3333  KL4=0.4000  (9s)
    [baseline_pip] run=1 ep=10/50  loss=0.6052  val_acc=0.6551  KL3=0.0000  KL4=0.8000  (9s)
    [baseline_pip] run=1 ep=11/50  loss=0.5507  val_acc=0.6981  KL3=0.4444  KL4=0.4000  (9s)
    [baseline_pip] run=1 ep=12/50  loss=0.5783  val_acc=0.7030  KL3=0.1111  KL4=0.8000  (9s)
    [baseline_pip] run=1 ep=13/50  loss=0.5552  val_acc=0.7354  KL3=0.3333  KL4=0.4000  (9s)
    [baseline_pip] run=1 ep=14/50  loss=0.6104  val_acc=0.6517  KL3=0.3333  KL4=0.8000  (9s)
    [baseline_pip] run=1 ep=15/50  loss=0.5240  val_acc=0.6976  KL3=0.3333  KL4=0.4000  (9s)
    [baseline_pip] run=1 ep=16/50  loss=0.4918  val_acc=0.7073  KL3=0.1111  KL4=1.0000  (9s)
    [baseline_pip] run=1 ep=17/50  loss=0.5047  val_acc=0.7286  KL3=0.3333  KL4=0.8000  (9s)
    [baseline_pip] run=1 ep=18/50  loss=0.5232  val_acc=0.6226  KL3=0.0000  KL4=1.0000  (9s)
    [baseline_pip] run=1 ep=19/50  loss=0.6693  val_acc=0.7204  KL3=0.4444  KL4=0.2000  (9s)
    [baseline_pip] run=1 ep=20/50  loss=0.5269  val_acc=0.7131  KL3=0.4444  KL4=0.2000  (9s)
    [baseline_pip] run=1 ep=21/50  loss=0.4804  val_acc=0.7499  KL3=0.3333  KL4=0.6000  (9s)
    [baseline_pip] run=1 ep=22/50  loss=0.4488  val_acc=0.7388  KL3=0.3333  KL4=0.4000  (9s)
    [baseline_pip] run=1 ep=23/50  loss=0.4590  val_acc=0.7383  KL3=0.2222  KL4=0.4000  (8s)
    [baseline_pip] run=1 ep=24/50  loss=0.5091  val_acc=0.7460  KL3=0.2222  KL4=0.2000  (9s)
    [baseline_pip] run=1 ep=25/50  loss=0.5526  val_acc=0.7499  KL3=0.2222  KL4=0.8000  (9s)
    [baseline_pip] run=1 ep=26/50  loss=0.4378  val_acc=0.7373  KL3=0.1111  KL4=0.6000  (9s)
    [baseline_pip] run=1 ep=27/50  loss=0.4165  val_acc=0.6986  KL3=0.4444  KL4=0.6000  (8s)
    [baseline_pip] run=1 ep=28/50  loss=0.4254  val_acc=0.7325  KL3=0.1111  KL4=0.6000  (8s)
    [baseline_pip] run=1 ep=29/50  loss=0.4213  val_acc=0.7552  KL3=0.0000  KL4=0.6000  (8s)
    [baseline_pip] run=1 ep=30/50  loss=0.3840  val_acc=0.7586  KL3=0.4444  KL4=0.2000  (8s)
    [baseline_pip] run=1 ep=31/50  loss=0.3798  val_acc=0.7581  KL3=0.2222  KL4=0.4000  (8s)
    [baseline_pip] run=1 ep=32/50  loss=0.3821  val_acc=0.7300  KL3=0.2222  KL4=0.4000  (9s)
    [baseline_pip] run=1 ep=33/50  loss=0.3676  val_acc=0.7150  KL3=0.3333  KL4=0.2000  (8s)
    [baseline_pip] run=1 ep=34/50  loss=0.3816  val_acc=0.7567  KL3=0.2222  KL4=0.6000  (9s)
    [baseline_pip] run=1 ep=35/50  loss=0.3569  val_acc=0.7305  KL3=0.2222  KL4=0.4000  (9s)
    [baseline_pip] run=1 ep=36/50  loss=0.3486  val_acc=0.7276  KL3=0.2222  KL4=0.4000  (9s)
    [baseline_pip] run=1 ep=37/50  loss=0.3453  val_acc=0.7199  KL3=0.2222  KL4=0.4000  (8s)
    [baseline_pip] run=1 ep=38/50  loss=0.3443  val_acc=0.7489  KL3=0.3333  KL4=0.2000  (9s)
    [baseline_pip] run=1 ep=39/50  loss=0.3295  val_acc=0.7059  KL3=0.2222  KL4=0.4000  (8s)
    [baseline_pip] run=1 ep=40/50  loss=0.3383  val_acc=0.7165  KL3=0.3333  KL4=0.4000  (8s)
    [baseline_pip] run=1 ep=41/50  loss=0.3201  val_acc=0.7223  KL3=0.2222  KL4=0.4000  (8s)
    [baseline_pip] run=1 ep=42/50  loss=0.3259  val_acc=0.7262  KL3=0.2222  KL4=0.6000  (9s)
    [baseline_pip] run=1 ep=43/50  loss=0.3147  val_acc=0.7397  KL3=0.2222  KL4=0.8000  (8s)
    [baseline_pip] run=1 ep=44/50  loss=0.2974  val_acc=0.7175  KL3=0.2222  KL4=0.4000  (8s)
    [baseline_pip] run=1 ep=45/50  loss=0.3041  val_acc=0.7388  KL3=0.2222  KL4=0.6000  (8s)
    [baseline_pip] run=1 ep=46/50  loss=0.2808  val_acc=0.7228  KL3=0.2222  KL4=0.6000  (8s)
    [baseline_pip] run=1 ep=47/50  loss=0.2907  val_acc=0.7373  KL3=0.2222  KL4=0.8000  (9s)
    [baseline_pip] run=1 ep=48/50  loss=0.2817  val_acc=0.7005  KL3=0.2222  KL4=0.6000  (8s)
    [baseline_pip] run=1 ep=49/50  loss=0.2809  val_acc=0.7397  KL3=0.2222  KL4=0.6000  (8s)
    [baseline_pip] run=1 ep=50/50  loss=0.2566  val_acc=0.7291  KL3=0.2222  KL4=0.6000  (8s)
  Test → acc=0.7188  macroF1=0.5643  KL3=0.2632  KL4=0.6667

  Run 2/3
    [baseline_pip] run=2 ep=1/50  loss=1.6596  val_acc=0.3154  KL3=0.0000  KL4=0.6000  (9s)
    [baseline_pip] run=2 ep=2/50  loss=1.3325  val_acc=0.2129  KL3=0.0000  KL4=1.0000  (9s)
    [baseline_pip] run=2 ep=3/50  loss=1.0209  val_acc=0.4688  KL3=0.7778  KL4=0.0000  (8s)
    [baseline_pip] run=2 ep=4/50  loss=1.0115  val_acc=0.5404  KL3=0.3333  KL4=0.6000  (8s)
    [baseline_pip] run=2 ep=5/50  loss=0.9987  val_acc=0.4683  KL3=0.0000  KL4=0.8000  (8s)
    [baseline_pip] run=2 ep=6/50  loss=0.8423  val_acc=0.6773  KL3=0.4444  KL4=0.4000  (9s)
    [baseline_pip] run=2 ep=7/50  loss=0.7019  val_acc=0.6613  KL3=0.0000  KL4=1.0000  (9s)
    [baseline_pip] run=2 ep=8/50  loss=0.6342  val_acc=0.6739  KL3=0.3333  KL4=0.4000  (9s)
    [baseline_pip] run=2 ep=9/50  loss=0.6464  val_acc=0.6459  KL3=0.5556  KL4=0.0000  (9s)
    [baseline_pip] run=2 ep=10/50  loss=0.5931  val_acc=0.7039  KL3=0.3333  KL4=0.6000  (9s)
    [baseline_pip] run=2 ep=11/50  loss=0.5745  val_acc=0.7397  KL3=0.4444  KL4=0.8000  (9s)
    [baseline_pip] run=2 ep=12/50  loss=0.5362  val_acc=0.7494  KL3=0.5556  KL4=0.2000  (9s)
    [baseline_pip] run=2 ep=13/50  loss=0.5238  val_acc=0.7131  KL3=0.5556  KL4=0.6000  (9s)
    [baseline_pip] run=2 ep=14/50  loss=0.5612  val_acc=0.5617  KL3=0.2222  KL4=0.8000  (9s)
    [baseline_pip] run=2 ep=15/50  loss=0.5549  val_acc=0.5094  KL3=0.1111  KL4=0.8000  (8s)
    [baseline_pip] run=2 ep=16/50  loss=0.5691  val_acc=0.6967  KL3=0.1111  KL4=1.0000  (9s)
    [baseline_pip] run=2 ep=17/50  loss=0.5444  val_acc=0.6565  KL3=0.6667  KL4=0.2000  (9s)
    [baseline_pip] run=2 ep=18/50  loss=0.4995  val_acc=0.7131  KL3=0.5556  KL4=0.4000  (9s)
    [baseline_pip] run=2 ep=19/50  loss=0.4870  val_acc=0.7426  KL3=0.4444  KL4=0.4000  (9s)
    [baseline_pip] run=2 ep=20/50  loss=0.4636  val_acc=0.7325  KL3=0.4444  KL4=0.6000  (9s)
    [baseline_pip] run=2 ep=21/50  loss=0.4611  val_acc=0.7383  KL3=0.2222  KL4=1.0000  (9s)
    [baseline_pip] run=2 ep=22/50  loss=0.4363  val_acc=0.7170  KL3=0.5556  KL4=0.6000  (9s)
    [baseline_pip] run=2 ep=23/50  loss=0.4367  val_acc=0.6976  KL3=0.6667  KL4=0.6000  (9s)
    [baseline_pip] run=2 ep=24/50  loss=0.4101  val_acc=0.7059  KL3=0.6667  KL4=0.6000  (9s)
    [baseline_pip] run=2 ep=25/50  loss=0.4104  val_acc=0.7204  KL3=0.6667  KL4=0.4000  (9s)
    [baseline_pip] run=2 ep=26/50  loss=0.3968  val_acc=0.7296  KL3=0.2222  KL4=0.6000  (9s)
    [baseline_pip] run=2 ep=27/50  loss=0.4079  val_acc=0.7160  KL3=0.2222  KL4=0.6000  (9s)
    [baseline_pip] run=2 ep=28/50  loss=0.4040  val_acc=0.7320  KL3=0.1111  KL4=1.0000  (10s)
    [baseline_pip] run=2 ep=29/50  loss=0.3880  val_acc=0.6638  KL3=0.2222  KL4=0.4000  (9s)
    [baseline_pip] run=2 ep=30/50  loss=0.3847  val_acc=0.7218  KL3=0.4444  KL4=0.6000  (9s)
    [baseline_pip] run=2 ep=31/50  loss=0.3733  val_acc=0.7136  KL3=0.2222  KL4=0.6000  (9s)
    [baseline_pip] run=2 ep=32/50  loss=0.3662  val_acc=0.7218  KL3=0.5556  KL4=0.2000  (9s)
    [baseline_pip] run=2 ep=33/50  loss=0.3495  val_acc=0.7199  KL3=0.3333  KL4=0.6000  (9s)
    [baseline_pip] run=2 ep=34/50  loss=0.3641  val_acc=0.7170  KL3=0.4444  KL4=0.2000  (9s)
    [baseline_pip] run=2 ep=35/50  loss=0.3485  val_acc=0.7155  KL3=0.3333  KL4=0.4000  (9s)
    [baseline_pip] run=2 ep=36/50  loss=0.3551  val_acc=0.7059  KL3=0.2222  KL4=0.0000  (9s)
    [baseline_pip] run=2 ep=37/50  loss=0.3269  val_acc=0.7141  KL3=0.2222  KL4=0.6000  (9s)
    [baseline_pip] run=2 ep=38/50  loss=0.3327  val_acc=0.7504  KL3=0.2222  KL4=0.4000  (7s)
    [baseline_pip] run=2 ep=39/50  loss=0.3168  val_acc=0.7063  KL3=0.2222  KL4=0.6000  (7s)
    [baseline_pip] run=2 ep=40/50  loss=0.3186  val_acc=0.6938  KL3=0.2222  KL4=0.2000  (8s)
    [baseline_pip] run=2 ep=41/50  loss=0.3117  val_acc=0.7000  KL3=0.2222  KL4=0.2000  (9s)
    [baseline_pip] run=2 ep=42/50  loss=0.3123  val_acc=0.7044  KL3=0.3333  KL4=0.6000  (9s)
    [baseline_pip] run=2 ep=43/50  loss=0.2940  val_acc=0.7107  KL3=0.3333  KL4=0.6000  (9s)
    [baseline_pip] run=2 ep=44/50  loss=0.2949  val_acc=0.7179  KL3=0.3333  KL4=0.4000  (9s)
    [baseline_pip] run=2 ep=45/50  loss=0.2901  val_acc=0.7654  KL3=0.2222  KL4=0.6000  (10s)
    [baseline_pip] run=2 ep=46/50  loss=0.2859  val_acc=0.7039  KL3=0.2222  KL4=0.6000  (9s)
    [baseline_pip] run=2 ep=47/50  loss=0.2734  val_acc=0.7358  KL3=0.5556  KL4=0.2000  (9s)
    [baseline_pip] run=2 ep=48/50  loss=0.2774  val_acc=0.7218  KL3=0.2222  KL4=0.6000  (9s)
    [baseline_pip] run=2 ep=49/50  loss=0.2735  val_acc=0.7194  KL3=0.2222  KL4=0.4000  (9s)
    [baseline_pip] run=2 ep=50/50  loss=0.2767  val_acc=0.7426  KL3=0.3333  KL4=0.6000  (9s)
  Test → acc=0.7082  macroF1=0.5579  KL3=0.3158  KL4=0.5556

  Run 3/3
    [baseline_pip] run=3 ep=1/50  loss=1.6283  val_acc=0.4015  KL3=0.2222  KL4=0.0000  (9s)
    [baseline_pip] run=3 ep=2/50  loss=1.3077  val_acc=0.4717  KL3=0.0000  KL4=1.0000  (9s)
    [baseline_pip] run=3 ep=3/50  loss=1.0739  val_acc=0.5999  KL3=0.5556  KL4=0.0000  (9s)
    [baseline_pip] run=3 ep=4/50  loss=1.0411  val_acc=0.4485  KL3=0.4444  KL4=0.4000  (9s)
    [baseline_pip] run=3 ep=5/50  loss=0.8985  val_acc=0.5298  KL3=0.1111  KL4=1.0000  (9s)
    [baseline_pip] run=3 ep=6/50  loss=0.8303  val_acc=0.6734  KL3=0.4444  KL4=0.4000  (9s)
    [baseline_pip] run=3 ep=7/50  loss=0.7828  val_acc=0.5888  KL3=0.0000  KL4=1.0000  (9s)
    [baseline_pip] run=3 ep=8/50  loss=0.6641  val_acc=0.7170  KL3=0.5556  KL4=0.2000  (9s)
    [baseline_pip] run=3 ep=9/50  loss=0.6704  val_acc=0.5559  KL3=0.1111  KL4=1.0000  (9s)
    [baseline_pip] run=3 ep=10/50  loss=0.7632  val_acc=0.6159  KL3=0.3333  KL4=0.6000  (9s)
    [baseline_pip] run=3 ep=11/50  loss=0.6897  val_acc=0.7184  KL3=0.7778  KL4=0.0000  (9s)
    [baseline_pip] run=3 ep=12/50  loss=0.6634  val_acc=0.3953  KL3=0.0000  KL4=1.0000  (9s)
    [baseline_pip] run=3 ep=13/50  loss=0.6708  val_acc=0.7363  KL3=0.6667  KL4=0.2000  (9s)
    [baseline_pip] run=3 ep=14/50  loss=0.5661  val_acc=0.7199  KL3=0.2222  KL4=0.2000  (9s)
    [baseline_pip] run=3 ep=15/50  loss=0.5409  val_acc=0.6952  KL3=0.4444  KL4=0.2000  (9s)
    [baseline_pip] run=3 ep=16/50  loss=0.5166  val_acc=0.6773  KL3=0.5556  KL4=0.4000  (9s)
    [baseline_pip] run=3 ep=17/50  loss=0.4887  val_acc=0.7479  KL3=0.3333  KL4=0.2000  (9s)
    [baseline_pip] run=3 ep=18/50  loss=0.4832  val_acc=0.6662  KL3=0.3333  KL4=0.6000  (9s)
    [baseline_pip] run=3 ep=19/50  loss=0.4630  val_acc=0.6918  KL3=0.2222  KL4=0.6000  (9s)
    [baseline_pip] run=3 ep=20/50  loss=0.4763  val_acc=0.7508  KL3=0.1111  KL4=1.0000  (9s)
    [baseline_pip] run=3 ep=21/50  loss=0.4522  val_acc=0.7431  KL3=0.3333  KL4=0.2000  (9s)
    [baseline_pip] run=3 ep=22/50  loss=0.4247  val_acc=0.6802  KL3=0.2222  KL4=1.0000  (9s)
    [baseline_pip] run=3 ep=23/50  loss=0.4196  val_acc=0.6478  KL3=0.3333  KL4=0.8000  (9s)
    [baseline_pip] run=3 ep=24/50  loss=0.4222  val_acc=0.7175  KL3=0.3333  KL4=0.6000  (9s)
    [baseline_pip] run=3 ep=25/50  loss=0.3991  val_acc=0.6821  KL3=0.2222  KL4=0.6000  (9s)
    [baseline_pip] run=3 ep=26/50  loss=0.3969  val_acc=0.7184  KL3=0.2222  KL4=0.6000  (9s)
    [baseline_pip] run=3 ep=27/50  loss=0.3785  val_acc=0.7068  KL3=0.4444  KL4=0.2000  (9s)
    [baseline_pip] run=3 ep=28/50  loss=0.3892  val_acc=0.7257  KL3=0.2222  KL4=0.4000  (9s)
    [baseline_pip] run=3 ep=29/50  loss=0.4342  val_acc=0.6938  KL3=0.4444  KL4=0.2000  (9s)
    [baseline_pip] run=3 ep=30/50  loss=0.4178  val_acc=0.7658  KL3=0.3333  KL4=0.2000  (9s)
    [baseline_pip] run=3 ep=31/50  loss=0.3768  val_acc=0.7020  KL3=0.3333  KL4=0.8000  (9s)
    [baseline_pip] run=3 ep=32/50  loss=0.3711  val_acc=0.7097  KL3=0.2222  KL4=0.2000  (9s)
    [baseline_pip] run=3 ep=33/50  loss=0.3906  val_acc=0.7455  KL3=0.3333  KL4=0.4000  (9s)
    [baseline_pip] run=3 ep=34/50  loss=0.3484  val_acc=0.6884  KL3=0.2222  KL4=0.4000  (9s)
    [baseline_pip] run=3 ep=35/50  loss=0.3426  val_acc=0.7291  KL3=0.3333  KL4=0.6000  (9s)
    [baseline_pip] run=3 ep=36/50  loss=0.3465  val_acc=0.7276  KL3=0.2222  KL4=0.6000  (9s)
    [baseline_pip] run=3 ep=37/50  loss=0.3360  val_acc=0.7194  KL3=0.3333  KL4=0.6000  (9s)
    [baseline_pip] run=3 ep=38/50  loss=0.3309  val_acc=0.7044  KL3=0.3333  KL4=0.4000  (9s)
    [baseline_pip] run=3 ep=39/50  loss=0.3235  val_acc=0.7247  KL3=0.2222  KL4=0.4000  (9s)
    [baseline_pip] run=3 ep=40/50  loss=0.3195  val_acc=0.7436  KL3=0.2222  KL4=0.4000  (9s)
    [baseline_pip] run=3 ep=41/50  loss=0.3046  val_acc=0.6836  KL3=0.2222  KL4=0.4000  (9s)
    [baseline_pip] run=3 ep=42/50  loss=0.3118  val_acc=0.7121  KL3=0.3333  KL4=0.4000  (9s)
    [baseline_pip] run=3 ep=43/50  loss=0.3058  val_acc=0.7470  KL3=0.3333  KL4=0.2000  (9s)
    [baseline_pip] run=3 ep=44/50  loss=0.2982  val_acc=0.6928  KL3=0.3333  KL4=0.2000  (9s)
    [baseline_pip] run=3 ep=45/50  loss=0.2925  val_acc=0.7373  KL3=0.2222  KL4=0.4000  (9s)
    [baseline_pip] run=3 ep=46/50  loss=0.2836  val_acc=0.7247  KL3=0.2222  KL4=0.2000  (9s)
    [baseline_pip] run=3 ep=47/50  loss=0.2733  val_acc=0.6826  KL3=0.2222  KL4=0.6000  (9s)
    [baseline_pip] run=3 ep=48/50  loss=0.2609  val_acc=0.7257  KL3=0.2222  KL4=0.4000  (9s)
    [baseline_pip] run=3 ep=49/50  loss=0.2628  val_acc=0.7063  KL3=0.1111  KL4=0.6000  (9s)
    [baseline_pip] run=3 ep=50/50  loss=0.2802  val_acc=0.7044  KL3=0.2222  KL4=0.4000  (9s)
  Test → acc=0.7308  macroF1=0.5699  KL3=0.2632  KL4=0.7778

  mean ± std across runs:
    accuracy            : 0.7192 ± 0.0093
    macro_f1            : 0.5640 ± 0.0049
    recall_0            : 0.7737 ± 0.0187
    recall_1            : 0.5608 ± 0.0231
    recall_2            : 0.6522 ± 0.0384
    recall_3            : 0.2807 ± 0.0248
    recall_4            : 0.6667 ± 0.0907

  Saved to outputs/results/baseline_pip_results.json
