=== GROUP dip on GPU 0 started Wed Apr 29 12:27:27 UTC 2026 ===

Tuning on device: cuda:0  joint: dip
  train: 2453 patients,   9220 images  | KL0=5870  KL1=1246  KL2=1827  KL3=154  KL4=123
  val:  525 patients,   1985 images  | KL0=1319  KL1=253  KL2=350  KL3=35  KL4=28
  test:  527 patients,   1987 images  | KL0=1298  KL1=275  KL2=368  KL3=26  KL4=20
  train: 9220 images  KL3=154  KL4=123

==================================================
Tuning CycleGAN
==================================================

  CycleGAN config 1/3: {'lr': 0.0002, 'lambda_cycle': 10.0, 'lambda_identity': 5.0, 'n_resblocks': 6}
=== GROUP dip on GPU 0 started Wed Apr 29 12:31:21 UTC 2026 ===

Tuning on device: cuda:0  joint: dip
  train: 2453 patients,   9220 images  | KL0=5870  KL1=1246  KL2=1827  KL3=154  KL4=123
  val:  525 patients,   1985 images  | KL0=1319  KL1=253  KL2=350  KL3=35  KL4=28
  test:  527 patients,   1987 images  | KL0=1298  KL1=275  KL2=368  KL3=26  KL4=20
  train: 9220 images  KL3=154  KL4=123

==================================================
Tuning CycleGAN
==================================================

  CycleGAN config 1/3: {'lr': 0.0002, 'lambda_cycle': 10.0, 'lambda_identity': 5.0, 'n_resblocks': 6}
  Config 1 FID = 215.77
  ✓ New best config!

  CycleGAN config 2/3: {'lr': 0.0001, 'lambda_cycle': 5.0, 'lambda_identity': 2.0, 'n_resblocks': 6}
=== GROUP dip on GPU 0 started Wed Apr 29 12:45:46 UTC 2026 ===

Tuning on device: cuda:0  joint: dip
  train: 2453 patients,   9220 images  | KL0=5870  KL1=1246  KL2=1827  KL3=154  KL4=123
  val:  525 patients,   1985 images  | KL0=1319  KL1=253  KL2=350  KL3=35  KL4=28
  test:  527 patients,   1987 images  | KL0=1298  KL1=275  KL2=368  KL3=26  KL4=20
  train: 9220 images  KL3=154  KL4=123

==================================================
Tuning CycleGAN
==================================================

  CycleGAN config 1/3: {'lr': 0.0002, 'lambda_cycle': 10.0, 'lambda_identity': 5.0, 'n_resblocks': 6}
  Config 1 FID = 202.75
  ✓ New best config!

  CycleGAN config 2/3: {'lr': 0.0001, 'lambda_cycle': 5.0, 'lambda_identity': 2.0, 'n_resblocks': 6}
  Config 2 FID = 233.98

  CycleGAN config 3/3: {'lr': 0.0002, 'lambda_cycle': 10.0, 'lambda_identity': 0.0, 'n_resblocks': 9}
  Config 3 FID = 249.44

  Best CycleGAN config (FID=202.75): {'lr': 0.0002, 'lambda_cycle': 10.0, 'lambda_identity': 5.0, 'n_resblocks': 6}

==================================================
Tuning WGAN-GP
==================================================

  WGAN-GP config 1/3: {'lr': 0.0001, 'latent_dim': 128, 'n_critic': 5, 'lambda_gp': 10.0}
  Config 1 FID = 315.76
  ✓ New best config!

  WGAN-GP config 2/3: {'lr': 0.0002, 'latent_dim': 256, 'n_critic': 3, 'lambda_gp': 10.0}
  Config 2 FID = 297.70
  ✓ New best config!

  WGAN-GP config 3/3: {'lr': 5e-05, 'latent_dim': 128, 'n_critic': 5, 'lambda_gp': 5.0}
  Config 3 FID = 316.01

  Best WGAN-GP config (FID=297.70): {'lr': 0.0002, 'latent_dim': 256, 'n_critic': 3, 'lambda_gp': 10.0}

==================================================
Tuning CVAE
==================================================

  CVAE config 1/3: {'lr': 0.001, 'latent_dim_vae': 128, 'kl_weight': 1.0}
=== GROUP dip on GPU 0 started Wed Apr 29 13:34:25 UTC 2026 ===

Tuning on device: cuda:0  joint: dip
  train: 2453 patients,   9220 images  | KL0=5870  KL1=1246  KL2=1827  KL3=154  KL4=123
  val:  525 patients,   1985 images  | KL0=1319  KL1=253  KL2=350  KL3=35  KL4=28
  test:  527 patients,   1987 images  | KL0=1298  KL1=275  KL2=368  KL3=26  KL4=20
  train: 9220 images  KL3=154  KL4=123

==================================================
Tuning CycleGAN
==================================================

  CycleGAN config 1/3: {'lr': 0.0002, 'lambda_cycle': 10.0, 'lambda_identity': 5.0, 'n_resblocks': 6}
  Config 1 FID = 209.98
  ✓ New best config!

  CycleGAN config 2/3: {'lr': 0.0001, 'lambda_cycle': 5.0, 'lambda_identity': 2.0, 'n_resblocks': 6}
  Config 2 FID = 233.32

  CycleGAN config 3/3: {'lr': 0.0002, 'lambda_cycle': 10.0, 'lambda_identity': 0.0, 'n_resblocks': 9}
  Config 3 FID = 242.65

  Best CycleGAN config (FID=209.98): {'lr': 0.0002, 'lambda_cycle': 10.0, 'lambda_identity': 5.0, 'n_resblocks': 6}

==================================================
Tuning WGAN-GP
==================================================

  WGAN-GP config 1/3: {'lr': 0.0001, 'latent_dim': 128, 'n_critic': 5, 'lambda_gp': 10.0}
  Config 1 FID = 323.17
  ✓ New best config!

  WGAN-GP config 2/3: {'lr': 0.0002, 'latent_dim': 256, 'n_critic': 3, 'lambda_gp': 10.0}
  Config 2 FID = 306.33
  ✓ New best config!

  WGAN-GP config 3/3: {'lr': 5e-05, 'latent_dim': 128, 'n_critic': 5, 'lambda_gp': 5.0}
  Config 3 FID = 314.92

  Best WGAN-GP config (FID=306.33): {'lr': 0.0002, 'latent_dim': 256, 'n_critic': 3, 'lambda_gp': 10.0}

==================================================
Tuning CVAE
==================================================

  CVAE config 1/3: {'lr': 0.001, 'latent_dim_vae': 128, 'kl_weight': 1.0}
  Config 1 FID = 375.74
  ✓ New best config!

  CVAE config 2/3: {'lr': 0.0005, 'latent_dim_vae': 256, 'kl_weight': 0.5}
  Config 2 FID = 343.94
  ✓ New best config!

  CVAE config 3/3: {'lr': 0.001, 'latent_dim_vae': 64, 'kl_weight': 2.0}
/venv/main/lib/python3.12/site-packages/cleanfid/fid.py:46: LinAlgWarning: Matrix is singular. The result might be inaccurate or the array might not have a square root.
  covmean, _ = linalg.sqrtm(sigma1.dot(sigma2), disp=False)
  Config 3 FID = 454.57

  Best CVAE config (FID=343.94): {'lr': 0.0005, 'latent_dim_vae': 256, 'kl_weight': 0.5}

==================================================
Best configs saved to: outputs/best_hparams
  cyclegan: FID=209.98  config={'lr': 0.0002, 'lambda_cycle': 10.0, 'lambda_identity': 5.0, 'n_resblocks': 6, 'best_fid': 209.98494085771588}
  wgan_gp: FID=306.33  config={'lr': 0.0002, 'latent_dim': 256, 'n_critic': 3, 'lambda_gp': 10.0, 'best_fid': 306.331216758119}
  cvae: FID=343.94  config={'lr': 0.0005, 'latent_dim_vae': 256, 'kl_weight': 0.5, 'best_fid': 343.9384919075068}
==================================================
  Loading tuned hparams from outputs/best_hparams/dip_cyclegan.json
  train: 2453 patients,   9220 images  | KL0=5870  KL1=1246  KL2=1827  KL3=154  KL4=123
  val:  525 patients,   1985 images  | KL0=1319  KL1=253  KL2=350  KL3=35  KL4=28
  test:  527 patients,   1987 images  | KL0=1298  KL1=275  KL2=368  KL3=26  KL4=20

============================================================
CycleGAN  KL1 → KL3   device=cuda
============================================================
  Domain A (KL1): 1246 imgs  Domain B (KL3): 154 imgs  batch=16  iters/epoch: 9
  Epoch [  1/500]  G=55.3397  D=12.8018  (9s)
  Epoch [  2/500]  G=35.4090  D=5.1108  (9s)
  Epoch [  3/500]  G=33.2514  D=4.7307  (9s)
  Epoch [  4/500]  G=31.5230  D=4.7517  (9s)
  Epoch [  5/500]  G=31.0303  D=4.4006  (9s)
  Epoch [  6/500]  G=30.1825  D=4.4024  (9s)
  Epoch [  7/500]  G=29.2356  D=4.3672  (9s)
  Epoch [  8/500]  G=28.2880  D=4.2842  (9s)
  Epoch [  9/500]  G=28.0507  D=4.5151  (9s)
  Epoch [ 10/500]  G=27.6286  D=4.1301  (9s)
  Epoch [ 11/500]  G=27.9661  D=4.2862  (9s)
  Epoch [ 12/500]  G=27.8929  D=4.2845  (9s)
  Epoch [ 13/500]  G=26.2924  D=4.1123  (9s)
  Epoch [ 14/500]  G=26.9672  D=4.1924  (9s)
  Epoch [ 15/500]  G=26.0638  D=4.1625  (9s)
  Epoch [ 16/500]  G=26.3320  D=4.1973  (9s)
  Epoch [ 17/500]  G=25.3156  D=4.1297  (9s)
  Epoch [ 18/500]  G=26.1156  D=4.0941  (9s)
  Epoch [ 19/500]  G=24.8584  D=3.9841  (9s)
  Epoch [ 20/500]  G=25.3292  D=4.1077  (9s)
  Epoch [ 21/500]  G=24.6804  D=4.1839  (9s)
  Epoch [ 22/500]  G=23.8136  D=3.9377  (9s)
  Epoch [ 23/500]  G=24.4318  D=4.0536  (9s)
  Epoch [ 24/500]  G=24.0537  D=4.1701  (9s)
  Epoch [ 25/500]  G=24.4027  D=3.9817  (9s)
  Epoch [ 26/500]  G=23.4177  D=3.9764  (9s)
  Epoch [ 27/500]  G=24.2439  D=4.0310  (9s)
  Epoch [ 28/500]  G=22.9865  D=3.9653  (9s)
  Epoch [ 29/500]  G=23.3687  D=3.9289  (9s)
  Epoch [ 30/500]  G=23.1287  D=3.9576  (9s)
  Epoch [ 31/500]  G=23.1890  D=4.2698  (9s)
  Epoch [ 32/500]  G=21.8977  D=3.8381  (9s)
  Epoch [ 33/500]  G=22.3160  D=3.8103  (9s)
  Epoch [ 34/500]  G=22.3534  D=3.8401  (9s)
  Epoch [ 35/500]  G=22.3970  D=3.8378  (9s)
  Epoch [ 36/500]  G=21.9100  D=3.9050  (9s)
  Epoch [ 37/500]  G=21.6843  D=3.8443  (9s)
  Epoch [ 38/500]  G=21.7012  D=3.8917  (9s)
  Epoch [ 39/500]  G=21.3295  D=3.6596  (9s)
  Epoch [ 40/500]  G=21.3477  D=3.7923  (9s)
  Epoch [ 41/500]  G=20.8900  D=3.7689  (9s)
  Epoch [ 42/500]  G=21.0983  D=3.7480  (9s)
  Epoch [ 43/500]  G=21.3440  D=3.9090  (9s)
  Epoch [ 44/500]  G=20.6088  D=3.8204  (9s)
  Epoch [ 45/500]  G=20.2204  D=3.8082  (9s)
  Epoch [ 46/500]  G=20.3994  D=3.8079  (9s)
  Epoch [ 47/500]  G=20.1309  D=3.8069  (9s)
  Epoch [ 48/500]  G=20.3423  D=3.8423  (9s)
  Epoch [ 49/500]  G=20.2054  D=3.7594  (9s)
  Epoch [ 50/500]  G=20.2044  D=3.9381  (9s)
  Epoch [ 51/500]  G=19.6516  D=3.7724  (9s)
  Epoch [ 52/500]  G=19.4048  D=3.8056  (9s)
  Epoch [ 53/500]  G=19.4758  D=3.6818  (9s)
  Epoch [ 54/500]  G=19.6999  D=3.7350  (9s)
  Epoch [ 55/500]  G=20.0553  D=3.9652  (9s)
  Epoch [ 56/500]  G=19.4020  D=3.6227  (9s)
  Epoch [ 57/500]  G=19.6193  D=3.8423  (9s)
  Epoch [ 58/500]  G=19.1577  D=3.7579  (9s)
  Epoch [ 59/500]  G=18.8527  D=3.6529  (9s)
  Epoch [ 60/500]  G=19.7241  D=3.7846  (9s)
  Epoch [ 61/500]  G=19.0832  D=3.6887  (9s)
  Epoch [ 62/500]  G=18.9828  D=4.1199  (9s)
  Epoch [ 63/500]  G=18.7664  D=3.4931  (9s)
  Epoch [ 64/500]  G=20.1222  D=3.6426  (9s)
  Epoch [ 65/500]  G=19.2956  D=3.5715  (9s)
  Epoch [ 66/500]  G=19.0926  D=3.7260  (9s)
  Epoch [ 67/500]  G=18.7150  D=3.6333  (9s)
  Epoch [ 68/500]  G=19.0209  D=3.7179  (9s)
  Epoch [ 69/500]  G=18.7058  D=3.5922  (9s)
  Epoch [ 70/500]  G=29.0282  D=12.7248  (9s)
  Epoch [ 71/500]  G=18.2617  D=3.9727  (9s)
  Epoch [ 72/500]  G=17.2536  D=4.0765  (9s)
  Epoch [ 73/500]  G=17.1396  D=3.8948  (9s)
  Epoch [ 74/500]  G=16.5653  D=3.9491  (9s)
  Epoch [ 75/500]  G=18.1628  D=5.4528  (9s)
  Epoch [ 76/500]  G=15.7448  D=4.0812  (9s)
  Epoch [ 77/500]  G=16.3455  D=3.9424  (9s)
  Epoch [ 78/500]  G=16.1610  D=3.9995  (9s)
  Epoch [ 79/500]  G=16.4874  D=3.9881  (9s)
  Epoch [ 80/500]  G=15.8365  D=3.8777  (9s)
  Epoch [ 81/500]  G=16.6609  D=4.0868  (9s)
  Epoch [ 82/500]  G=16.4625  D=3.9684  (9s)
  Epoch [ 83/500]  G=16.4432  D=4.0104  (9s)
  Epoch [ 84/500]  G=16.7296  D=4.0384  (9s)
  Epoch [ 85/500]  G=16.1957  D=4.0845  (9s)
  Epoch [ 86/500]  G=16.4404  D=3.9795  (9s)
  Epoch [ 87/500]  G=16.2041  D=4.0749  (9s)
  Epoch [ 88/500]  G=16.1513  D=4.0026  (9s)
  Epoch [ 89/500]  G=16.0957  D=4.0580  (9s)
  Epoch [ 90/500]  G=16.2796  D=4.0256  (9s)
  Epoch [ 91/500]  G=15.7225  D=4.0415  (9s)
  Epoch [ 92/500]  G=16.1475  D=4.2924  (9s)
  Epoch [ 93/500]  G=15.9878  D=3.9784  (9s)
  Epoch [ 94/500]  G=15.9596  D=3.9936  (9s)
  Epoch [ 95/500]  G=16.0181  D=3.8955  (9s)
  Epoch [ 96/500]  G=16.6861  D=4.0710  (9s)
  Epoch [ 97/500]  G=15.7548  D=3.9895  (9s)
  Epoch [ 98/500]  G=15.8154  D=4.0237  (9s)
  Epoch [ 99/500]  G=16.4493  D=4.0004  (9s)
  Epoch [100/500]  G=15.9001  D=4.3436  (9s)
  Epoch [101/500]  G=16.1820  D=6.3440  (9s)
  Epoch [102/500]  G=14.2770  D=4.3150  (9s)
  Epoch [103/500]  G=14.3266  D=4.2923  (9s)
  Epoch [104/500]  G=13.7849  D=4.2647  (9s)
  Epoch [105/500]  G=13.9999  D=4.2259  (9s)
  Epoch [106/500]  G=13.8640  D=4.2965  (9s)
  Epoch [107/500]  G=13.9141  D=4.2637  (9s)
  Epoch [108/500]  G=14.3890  D=4.2048  (9s)
  Epoch [109/500]  G=14.1411  D=4.1745  (9s)
  Epoch [110/500]  G=14.3690  D=4.1954  (9s)
  Epoch [111/500]  G=14.1993  D=4.1350  (9s)
  Epoch [112/500]  G=14.3789  D=4.0152  (9s)
  Epoch [113/500]  G=14.5480  D=4.0972  (9s)
  Epoch [114/500]  G=14.4944  D=4.0717  (9s)
  Epoch [115/500]  G=14.5093  D=3.9446  (9s)
  Epoch [116/500]  G=14.8930  D=4.0251  (9s)
  Epoch [117/500]  G=14.8152  D=3.9777  (9s)
  Epoch [118/500]  G=14.9753  D=3.9914  (9s)
  Epoch [119/500]  G=15.4473  D=3.8469  (9s)
  Epoch [120/500]  G=15.1470  D=4.0548  (9s)
  Epoch [121/500]  G=14.9118  D=4.0281  (9s)
  Epoch [122/500]  G=14.8665  D=3.9510  (9s)
  Epoch [123/500]  G=15.0304  D=4.0157  (9s)
  Epoch [124/500]  G=14.2146  D=3.8987  (9s)
  Epoch [125/500]  G=15.0349  D=3.9763  (9s)
  Epoch [126/500]  G=15.2305  D=3.9814  (9s)
  Epoch [127/500]  G=15.0017  D=4.0410  (9s)
  Epoch [128/500]  G=14.8260  D=3.9037  (9s)
  Epoch [129/500]  G=14.7192  D=3.8957  (9s)
  Epoch [130/500]  G=24.7508  D=12.6198  (9s)
  Epoch [131/500]  G=14.7018  D=4.2989  (9s)
  Epoch [132/500]  G=13.8761  D=4.2735  (9s)
  Epoch [133/500]  G=13.3578  D=4.2854  (9s)
  Epoch [134/500]  G=12.8169  D=4.1862  (9s)
  Epoch [135/500]  G=13.0192  D=4.2222  (9s)
  Epoch [136/500]  G=12.8676  D=4.2248  (9s)
  Epoch [137/500]  G=13.1432  D=4.1899  (9s)
  Epoch [138/500]  G=12.6089  D=4.1822  (9s)
  Epoch [139/500]  G=12.7158  D=4.2305  (9s)
  Epoch [140/500]  G=12.6354  D=4.1885  (9s)
  Epoch [141/500]  G=12.5018  D=4.2450  (9s)
  Epoch [142/500]  G=12.8870  D=4.2327  (9s)
  Epoch [143/500]  G=12.6334  D=4.1728  (9s)
  Epoch [144/500]  G=12.6178  D=4.2772  (9s)
  Epoch [145/500]  G=12.6634  D=4.2706  (9s)
  Epoch [146/500]  G=13.2272  D=4.2106  (9s)
  Epoch [147/500]  G=12.5485  D=4.2556  (9s)
  Epoch [148/500]  G=12.6814  D=4.2676  (9s)
  Epoch [149/500]  G=12.6018  D=4.1949  (9s)
  Epoch [150/500]  G=12.8394  D=4.2459  (9s)
  Epoch [151/500]  G=12.6515  D=4.1870  (9s)
  Epoch [152/500]  G=12.9858  D=4.2212  (9s)
  Epoch [153/500]  G=13.0019  D=4.1502  (9s)
  Epoch [154/500]  G=12.8569  D=4.2965  (9s)
  Epoch [155/500]  G=12.6650  D=4.1468  (9s)
  Epoch [156/500]  G=12.4546  D=4.1599  (9s)
  Epoch [157/500]  G=12.5850  D=4.1503  (9s)
  Epoch [158/500]  G=12.8589  D=4.2641  (9s)
  Epoch [159/500]  G=12.3476  D=4.0874  (9s)
  Epoch [160/500]  G=12.8370  D=4.1513  (9s)
  Epoch [161/500]  G=12.8177  D=4.1862  (9s)
  Epoch [162/500]  G=12.8222  D=4.1599  (9s)
  Epoch [163/500]  G=12.5302  D=4.0793  (9s)
  Epoch [164/500]  G=12.4786  D=4.0676  (9s)
  Epoch [165/500]  G=12.8631  D=4.0764  (9s)
  Epoch [166/500]  G=12.6924  D=4.0770  (9s)
  Epoch [167/500]  G=12.9197  D=4.0193  (9s)
  Epoch [168/500]  G=13.0138  D=4.0845  (9s)
  Epoch [169/500]  G=13.0906  D=4.0463  (9s)
  Epoch [170/500]  G=12.9833  D=3.9825  (9s)
  Epoch [171/500]  G=13.0693  D=4.0714  (9s)
  Epoch [172/500]  G=13.2459  D=4.0270  (9s)
  Epoch [173/500]  G=13.2792  D=3.9848  (9s)
  Epoch [174/500]  G=12.9644  D=3.9021  (9s)
  Epoch [175/500]  G=12.6173  D=4.0113  (9s)
  Epoch [176/500]  G=12.9027  D=3.9419  (9s)
  Epoch [177/500]  G=13.3232  D=3.9350  (9s)
  Epoch [178/500]  G=13.2036  D=3.9326  (9s)
  Epoch [179/500]  G=12.5601  D=3.8862  (9s)
  Epoch [180/500]  G=13.2797  D=3.8944  (9s)
  Epoch [181/500]  G=13.1201  D=3.9029  (9s)
  Epoch [182/500]  G=12.9498  D=3.8194  (9s)
  Epoch [183/500]  G=12.8666  D=3.9701  (9s)
  Epoch [184/500]  G=12.8627  D=3.8361  (9s)
  Epoch [185/500]  G=13.0248  D=3.8395  (9s)
  Epoch [186/500]  G=13.4495  D=3.9020  (9s)
  Epoch [187/500]  G=12.8062  D=3.7006  (9s)
  Epoch [188/500]  G=13.0348  D=3.7719  (9s)
  Epoch [189/500]  G=12.9745  D=3.7996  (9s)
  Epoch [190/500]  G=13.1273  D=3.7197  (9s)
  Epoch [191/500]  G=13.1272  D=3.7409  (9s)
  Epoch [192/500]  G=13.6475  D=3.7031  (9s)
  Epoch [193/500]  G=13.3792  D=3.7747  (9s)
  Epoch [194/500]  G=13.4812  D=3.6709  (9s)
  Epoch [195/500]  G=13.1945  D=3.7134  (9s)
  Epoch [196/500]  G=13.1338  D=3.6396  (9s)
  Epoch [197/500]  G=13.3848  D=3.6757  (9s)
  Epoch [198/500]  G=13.3988  D=3.6591  (9s)
  Epoch [199/500]  G=14.1297  D=3.6337  (9s)
  Early stopping at epoch 199 (no improvement for 40 epochs)
  Loaded best checkpoint (G_loss=12.3476) from epoch 159
  Done. Best checkpoint at: outputs/checkpoints/dip/cyclegan_kl1_to_kl3/best.pth
  Loading tuned hparams from outputs/best_hparams/dip_cyclegan.json
  train: 2453 patients,   9220 images  | KL0=5870  KL1=1246  KL2=1827  KL3=154  KL4=123
  val:  525 patients,   1985 images  | KL0=1319  KL1=253  KL2=350  KL3=35  KL4=28
  test:  527 patients,   1987 images  | KL0=1298  KL1=275  KL2=368  KL3=26  KL4=20

============================================================
CycleGAN  KL2 → KL4   device=cuda
============================================================
  Domain A (KL2): 1827 imgs  Domain B (KL4): 123 imgs  batch=16  iters/epoch: 7
  Epoch [  1/500]  G=90.3880  D=19.3551  (14s)
  Epoch [  2/500]  G=62.1616  D=8.8569  (14s)
  Epoch [  3/500]  G=60.6540  D=8.6176  (14s)
  Epoch [  4/500]  G=58.1716  D=8.2684  (14s)
  Epoch [  5/500]  G=57.0613  D=8.0517  (14s)
  Epoch [  6/500]  G=57.4600  D=8.0748  (14s)
  Epoch [  7/500]  G=56.3317  D=7.8316  (14s)
  Epoch [  8/500]  G=53.3701  D=7.7311  (14s)
  Epoch [  9/500]  G=53.3112  D=7.8608  (14s)
  Epoch [ 10/500]  G=53.7413  D=7.7227  (14s)
  Epoch [ 11/500]  G=50.7287  D=7.7283  (14s)
  Epoch [ 12/500]  G=50.6402  D=7.8946  (14s)
  Epoch [ 13/500]  G=48.4015  D=7.5659  (14s)
  Epoch [ 14/500]  G=50.1029  D=7.7478  (14s)
  Epoch [ 15/500]  G=46.6057  D=7.6657  (14s)
  Epoch [ 16/500]  G=45.0948  D=7.6973  (14s)
  Epoch [ 17/500]  G=45.4061  D=7.7732  (14s)
  Epoch [ 18/500]  G=45.1279  D=7.7743  (14s)
  Epoch [ 19/500]  G=43.9902  D=7.3425  (14s)
  Epoch [ 20/500]  G=43.7827  D=7.6714  (14s)
  Epoch [ 21/500]  G=42.3896  D=7.4997  (14s)
  Epoch [ 22/500]  G=42.7911  D=7.5465  (14s)
  Epoch [ 23/500]  G=41.4042  D=7.5277  (14s)
  Epoch [ 24/500]  G=41.3412  D=7.6121  (14s)
  Epoch [ 25/500]  G=40.8004  D=7.3401  (14s)
  Epoch [ 26/500]  G=40.4572  D=7.6140  (14s)
  Epoch [ 27/500]  G=39.2589  D=7.0889  (14s)
  Epoch [ 28/500]  G=39.7127  D=7.2146  (14s)
  Epoch [ 29/500]  G=39.2504  D=7.3322  (14s)
  Epoch [ 30/500]  G=39.9978  D=7.3074  (14s)
  Epoch [ 31/500]  G=38.6635  D=7.1061  (14s)
  Epoch [ 32/500]  G=38.6338  D=7.2760  (14s)
  Epoch [ 33/500]  G=38.1434  D=7.2209  (14s)
  Epoch [ 34/500]  G=39.0146  D=7.6543  (14s)
  Epoch [ 35/500]  G=36.4148  D=6.9004  (14s)
  Epoch [ 36/500]  G=37.7914  D=7.0688  (14s)
  Epoch [ 37/500]  G=37.0858  D=7.4198  (14s)
  Epoch [ 38/500]  G=37.0449  D=7.0093  (14s)
  Epoch [ 39/500]  G=36.8798  D=7.0468  (14s)
  Epoch [ 40/500]  G=36.9858  D=7.1302  (14s)
  Epoch [ 41/500]  G=36.6854  D=7.0842  (14s)
  Epoch [ 42/500]  G=36.8381  D=6.9733  (14s)
  Epoch [ 43/500]  G=36.3799  D=7.1587  (14s)
  Epoch [ 44/500]  G=36.0472  D=6.9363  (14s)
  Epoch [ 45/500]  G=36.2244  D=6.9054  (14s)
  Epoch [ 46/500]  G=35.8842  D=7.0524  (14s)
  Epoch [ 47/500]  G=35.8328  D=6.7783  (14s)
  Epoch [ 48/500]  G=35.6871  D=6.9444  (14s)
  Epoch [ 49/500]  G=38.0643  D=6.6816  (14s)
  Epoch [ 50/500]  G=35.9345  D=6.9621  (14s)
  Epoch [ 51/500]  G=35.7501  D=6.7101  (14s)
  Epoch [ 52/500]  G=34.4704  D=6.7611  (14s)
  Epoch [ 53/500]  G=35.5484  D=6.6570  (14s)
  Epoch [ 54/500]  G=37.8675  D=11.6805  (14s)
  Epoch [ 55/500]  G=32.0957  D=7.2996  (14s)
  Epoch [ 56/500]  G=32.0460  D=6.9393  (14s)
  Epoch [ 57/500]  G=34.2630  D=11.7235  (14s)
  Epoch [ 58/500]  G=29.5635  D=7.9698  (14s)
  Epoch [ 59/500]  G=28.1616  D=7.8665  (14s)
  Epoch [ 60/500]  G=28.0087  D=7.9165  (14s)
  Epoch [ 61/500]  G=28.6803  D=7.8674  (14s)
  Epoch [ 62/500]  G=29.0955  D=7.7647  (14s)
  Epoch [ 63/500]  G=30.0678  D=7.7127  (14s)
  Epoch [ 64/500]  G=30.2350  D=7.4775  (14s)
  Epoch [ 65/500]  G=30.5832  D=7.2021  (14s)
  Epoch [ 66/500]  G=31.5414  D=6.9819  (14s)
  Epoch [ 67/500]  G=32.1050  D=6.9133  (14s)
  Epoch [ 68/500]  G=31.9602  D=6.8236  (14s)
  Epoch [ 69/500]  G=32.2423  D=6.6779  (14s)
  Epoch [ 70/500]  G=32.6868  D=6.6148  (14s)
  Epoch [ 71/500]  G=33.2593  D=6.7400  (14s)
  Epoch [ 72/500]  G=33.8156  D=6.9758  (14s)
  Epoch [ 73/500]  G=35.0534  D=6.1115  (14s)
  Epoch [ 74/500]  G=33.6844  D=6.2177  (14s)
  Epoch [ 75/500]  G=33.1626  D=6.3723  (14s)
  Epoch [ 76/500]  G=33.6794  D=6.2544  (14s)
  Epoch [ 77/500]  G=33.3325  D=6.2411  (14s)
  Epoch [ 78/500]  G=33.7959  D=6.1561  (14s)
  Epoch [ 79/500]  G=33.6421  D=6.1449  (14s)
  Epoch [ 80/500]  G=34.0842  D=6.0499  (14s)
  Epoch [ 81/500]  G=33.8266  D=6.0338  (14s)
  Epoch [ 82/500]  G=34.7899  D=5.9049  (14s)
  Epoch [ 83/500]  G=36.4692  D=5.7584  (14s)
  Epoch [ 84/500]  G=53.8236  D=22.1376  (14s)
  Epoch [ 85/500]  G=29.7997  D=7.3694  (14s)
  Epoch [ 86/500]  G=29.5924  D=7.2702  (14s)
  Epoch [ 87/500]  G=28.6634  D=7.2936  (14s)
  Epoch [ 88/500]  G=28.0969  D=7.3611  (14s)
  Epoch [ 89/500]  G=27.7154  D=7.3981  (14s)
  Epoch [ 90/500]  G=28.0054  D=7.3762  (14s)
  Epoch [ 91/500]  G=27.6413  D=7.3572  (14s)
  Epoch [ 92/500]  G=29.2680  D=7.3285  (14s)
  Epoch [ 93/500]  G=28.4730  D=7.2580  (14s)
  Epoch [ 94/500]  G=27.8383  D=7.5009  (14s)
  Epoch [ 95/500]  G=28.4321  D=7.5542  (14s)
  Epoch [ 96/500]  G=27.3056  D=7.5078  (14s)
  Epoch [ 97/500]  G=27.5460  D=7.4897  (14s)
  Epoch [ 98/500]  G=27.9422  D=7.6799  (14s)
  Epoch [ 99/500]  G=27.9479  D=7.5943  (14s)
  Epoch [100/500]  G=27.8928  D=7.5662  (14s)
  Epoch [101/500]  G=36.1337  D=15.8618  (14s)
  Epoch [102/500]  G=27.4186  D=8.2950  (14s)
  Epoch [103/500]  G=24.6562  D=8.1111  (14s)
  Epoch [104/500]  G=24.4844  D=8.2460  (14s)
  Epoch [105/500]  G=24.1702  D=8.2215  (14s)
  Epoch [106/500]  G=24.5074  D=8.1707  (14s)
  Epoch [107/500]  G=24.0326  D=8.0962  (14s)
  Epoch [108/500]  G=23.9670  D=8.1581  (14s)
  Epoch [109/500]  G=23.8456  D=8.1546  (14s)
  Epoch [110/500]  G=24.3131  D=8.2028  (14s)
  Epoch [111/500]  G=23.7819  D=8.0812  (14s)
  Epoch [112/500]  G=23.8096  D=8.1339  (14s)
  Epoch [113/500]  G=24.8415  D=8.2082  (14s)
  Epoch [114/500]  G=23.9638  D=8.1273  (14s)
  Epoch [115/500]  G=24.3908  D=8.0516  (14s)
  Epoch [116/500]  G=23.7000  D=8.1414  (14s)
  Epoch [117/500]  G=24.1196  D=7.9875  (14s)
  Epoch [118/500]  G=24.6327  D=8.0098  (14s)
  Epoch [119/500]  G=24.3618  D=8.0196  (14s)
  Epoch [120/500]  G=24.3592  D=7.7642  (14s)
  Epoch [121/500]  G=24.8260  D=7.9396  (14s)
  Epoch [122/500]  G=24.8248  D=8.1155  (14s)
  Epoch [123/500]  G=24.8084  D=7.4501  (14s)
  Epoch [124/500]  G=25.1826  D=7.5679  (14s)
  Epoch [125/500]  G=25.1469  D=7.5160  (14s)
  Epoch [126/500]  G=25.0612  D=7.5441  (14s)
  Epoch [127/500]  G=25.7231  D=9.0943  (14s)
  Epoch [128/500]  G=24.5263  D=7.3935  (14s)
  Epoch [129/500]  G=25.0481  D=7.3801  (14s)
  Epoch [130/500]  G=25.2013  D=7.3939  (14s)
