=== GROUP 0 on GPU 0 started Wed Apr 29 12:22:39 UTC 2026 ===

Tuning on device: cuda:0  joint: 0
Traceback (most recent call last):
  File "/workspace/oa_augment/tune_models.py", line 400, in <module>
    main()
  File "/workspace/oa_augment/tune_models.py", line 365, in main
    meta = filter_joint(meta, args.joint)
           ^^^^^^^^^^^^^^^^^^^^^^^^^^^^^^
  File "/workspace/oa_augment/dataset.py", line 87, in filter_joint
    raise ValueError(f"No images found for joint/group '{joint}'. "
ValueError: No images found for joint/group '0'. Available: ['dip2', 'dip3', 'dip4', 'dip5', 'mcp2', 'mcp3', 'mcp4', 'mcp5', 'pip2', 'pip3', 'pip4', 'pip5']
=== GROUP 0 on GPU 0 started Wed Apr 29 12:23:48 UTC 2026 ===

Tuning on device: cuda:0  joint: 0
Traceback (most recent call last):
  File "/workspace/oa_augment/tune_models.py", line 400, in <module>
    main()
  File "/workspace/oa_augment/tune_models.py", line 365, in main
    meta = filter_joint(meta, args.joint)
           ^^^^^^^^^^^^^^^^^^^^^^^^^^^^^^
  File "/workspace/oa_augment/dataset.py", line 87, in filter_joint
    raise ValueError(f"No images found for joint/group '{joint}'. "
ValueError: No images found for joint/group '0'. Available: ['dip2', 'dip3', 'dip4', 'dip5', 'mcp2', 'mcp3', 'mcp4', 'mcp5', 'pip2', 'pip3', 'pip4', 'pip5']
